<?xml version="1.0" encoding="UTF-8"?>
<!-- Generated by org.testng.reporters.JUnitReportReporter -->
<testsuite skipped="0" hostname="DESKTOP-8BVGE9O" name="test" tests="2" failures="0" timestamp="19 Sep 2019 00:52:39 GMT" time="0.014" errors="0">
  <testcase name="Testlength" time="0.001" classname="test"/>
  <testcase name="TestWord" time="0.013" classname="test"/>
</testsuite> <!-- test -->
